<?xml version="1.0" encoding="UTF-8"?>
<!-- Generated by org.testng.reporters.JUnitReportReporter -->
<testsuite hostname="LTIN509369" failures="0" tests="8" name="testCases.Main" time="141.827" errors="0" timestamp="2024-04-02T17:41:55 IST" skipped="0">
  <testcase classname="testCases.Main" name="testUserInfo" time="22.242"/>
  <testcase classname="testCases.Main" name="testHeaderList" time="113.665"/>
  <testcase classname="testCases.Main" name="testEthicsAndComplianceVisibility" time="2.292"/>
  <testcase classname="testCases.Main" name="testnavigation" time="1.112"/>
  <testcase classname="testCases.Main" name="testResourcesOrLinkValidity" time="2.191"/>
  <testcase classname="testCases.Main" name="testprintInformation" time="0.219"/>
  <testcase classname="testCases.Main" name="testPageInformationValidity" time="0.030"/>
  <testcase classname="testCases.Main" name="testPagetInformation" time="0.076"/>
</testsuite> <!-- testCases.Main -->
